2015-09-21T15:13:40+07:00 ERR (3): No paginator instance provided or incorrect type
2015-09-21T15:13:40+07:00 ERR (3): #0 [internal function]: Zend\View\Helper\PaginationControl->__invoke(NULL, 'Sliding', 'paginator-slide', Array)
#1 /home/www/omolink_cmtien/vendor/ZF2/library/Zend/View/Renderer/PhpRenderer.php(399): call_user_func_array(Object(Zend\View\Helper\PaginationControl), Array)
#2 /home/www/omolink_cmtien/module/Omolink/Content/view/omolink/content/listview.phtml(80): Zend\View\Renderer\PhpRenderer->__call('paginationContr...', Array)
#3 /home/www/omolink_cmtien/module/Omolink/Content/view/omolink/content/listview.phtml(80): Zend\View\Renderer\PhpRenderer->paginationControl(NULL, 'Sliding', 'paginator-slide', Array)
#4 /home/www/omolink_cmtien/vendor/ZF2/library/Zend/View/Renderer/PhpRenderer.php(506): include('/home/www/omoli...')
#5 /home/www/omolink_cmtien/vendor/ZF2/library/Zend/View/View.php(205): Zend\View\Renderer\PhpRenderer->render(Object(Zend\View\Model\ViewModel))
#6 /home/www/omolink_cmtien/vendor/ZF2/library/Zend/View/View.php(233): Zend\View\View->render(Object(Zend\View\Model\ViewModel))
#7 /home/www/omolink_cmtien/vendor/ZF2/library/Zend/View/View.php(198): Zend\View\View->renderChildren(Object(Zend\View\Model\ViewModel))
#8 /home/www/omolink_cmtien/vendor/ZF2/library/Zend/Mvc/View/Http/DefaultRenderingStrategy.php(103): Zend\View\View->render(Object(Zend\View\Model\ViewModel))
#9 [internal function]: Zend\Mvc\View\Http\DefaultRenderingStrategy->render(Object(Zend\Mvc\MvcEvent))
#10 /home/www/omolink_cmtien/vendor/ZF2/library/Zend/EventManager/EventManager.php(468): call_user_func(Array, Object(Zend\Mvc\MvcEvent))
#11 /home/www/omolink_cmtien/vendor/ZF2/library/Zend/EventManager/EventManager.php(207): Zend\EventManager\EventManager->triggerListeners('render', Object(Zend\Mvc\MvcEvent), Array)
#12 /home/www/omolink_cmtien/vendor/ZF2/library/Zend/Mvc/Application.php(352): Zend\EventManager\EventManager->trigger('render', Object(Zend\Mvc\MvcEvent))
#13 /home/www/omolink_cmtien/vendor/ZF2/library/Zend/Mvc/Application.php(327): Zend\Mvc\Application->completeRequest(Object(Zend\Mvc\MvcEvent))
#14 /home/www/omolink_cmtien/public/index.php(26): Zend\Mvc\Application->run()
#15 {main}
2015-09-21T15:13:55+07:00 ERR (3): No paginator instance provided or incorrect type
2015-09-21T15:13:55+07:00 ERR (3): #0 [internal function]: Zend\View\Helper\PaginationControl->__invoke(NULL, 'Sliding', 'paginator-slide', Array)
#1 /home/www/omolink_cmtien/vendor/ZF2/library/Zend/View/Renderer/PhpRenderer.php(399): call_user_func_array(Object(Zend\View\Helper\PaginationControl), Array)
#2 /home/www/omolink_cmtien/module/Omolink/Content/view/omolink/content/listview.phtml(80): Zend\View\Renderer\PhpRenderer->__call('paginationContr...', Array)
#3 /home/www/omolink_cmtien/module/Omolink/Content/view/omolink/content/listview.phtml(80): Zend\View\Renderer\PhpRenderer->paginationControl(NULL, 'Sliding', 'paginator-slide', Array)
#4 /home/www/omolink_cmtien/vendor/ZF2/library/Zend/View/Renderer/PhpRenderer.php(506): include('/home/www/omoli...')
#5 /home/www/omolink_cmtien/vendor/ZF2/library/Zend/View/View.php(205): Zend\View\Renderer\PhpRenderer->render(Object(Zend\View\Model\ViewModel))
#6 /home/www/omolink_cmtien/vendor/ZF2/library/Zend/View/View.php(233): Zend\View\View->render(Object(Zend\View\Model\ViewModel))
#7 /home/www/omolink_cmtien/vendor/ZF2/library/Zend/View/View.php(198): Zend\View\View->renderChildren(Object(Zend\View\Model\ViewModel))
#8 /home/www/omolink_cmtien/vendor/ZF2/library/Zend/Mvc/View/Http/DefaultRenderingStrategy.php(103): Zend\View\View->render(Object(Zend\View\Model\ViewModel))
#9 [internal function]: Zend\Mvc\View\Http\DefaultRenderingStrategy->render(Object(Zend\Mvc\MvcEvent))
#10 /home/www/omolink_cmtien/vendor/ZF2/library/Zend/EventManager/EventManager.php(468): call_user_func(Array, Object(Zend\Mvc\MvcEvent))
#11 /home/www/omolink_cmtien/vendor/ZF2/library/Zend/EventManager/EventManager.php(207): Zend\EventManager\EventManager->triggerListeners('render', Object(Zend\Mvc\MvcEvent), Array)
#12 /home/www/omolink_cmtien/vendor/ZF2/library/Zend/Mvc/Application.php(352): Zend\EventManager\EventManager->trigger('render', Object(Zend\Mvc\MvcEvent))
#13 /home/www/omolink_cmtien/vendor/ZF2/library/Zend/Mvc/Application.php(327): Zend\Mvc\Application->completeRequest(Object(Zend\Mvc\MvcEvent))
#14 /home/www/omolink_cmtien/public/index.php(26): Zend\Mvc\Application->run()
#15 {main}
2015-09-21T15:35:03+07:00 ERR (3): Zend\Mvc\Controller\PluginManager::get was unable to fetch or create an instance for ApplicationHelper
2015-09-21T15:35:03+07:00 ERR (3): #0 /home/www/omolink_cmtien/vendor/ZF2/library/Zend/ServiceManager/AbstractPluginManager.php(103): Zend\ServiceManager\ServiceManager->get('ApplicationHelp...', true)
#1 /home/www/omolink_cmtien/vendor/ZF2/library/Zend/Mvc/Controller/PluginManager.php(82): Zend\ServiceManager\AbstractPluginManager->get('ApplicationHelp...', NULL, true)
#2 /home/www/omolink_cmtien/vendor/ZF2/library/Zend/Mvc/Controller/AbstractController.php(284): Zend\Mvc\Controller\PluginManager->get('ApplicationHelp...', NULL)
#3 /home/www/omolink_cmtien/vendor/ZF2/library/Zend/Mvc/Controller/AbstractController.php(299): Zend\Mvc\Controller\AbstractController->plugin('ApplicationHelp...')
#4 /home/www/omolink_cmtien/module/Omolink/Content/src/Omolink/Content/Controller/ContentController.php(23): Zend\Mvc\Controller\AbstractController->__call('ApplicationHelp...', Array)
#5 /home/www/omolink_cmtien/module/Omolink/Content/src/Omolink/Content/Controller/ContentController.php(23): Omolink\Content\Controller\ContentController->ApplicationHelper()
#6 /home/www/omolink_cmtien/module/Omolink/Content/src/Omolink/Content/Controller/ContentController.php(28): Omolink\Content\Controller\ContentController->getApiUrl('contents/list')
#7 /home/www/omolink_cmtien/vendor/ZF2/library/Zend/Mvc/Controller/AbstractActionController.php(83): Omolink\Content\Controller\ContentController->listviewAction()
#8 [internal function]: Zend\Mvc\Controller\AbstractActionController->onDispatch(Object(Zend\Mvc\MvcEvent))
#9 /home/www/omolink_cmtien/vendor/ZF2/library/Zend/EventManager/EventManager.php(468): call_user_func(Array, Object(Zend\Mvc\MvcEvent))
#10 /home/www/omolink_cmtien/vendor/ZF2/library/Zend/EventManager/EventManager.php(207): Zend\EventManager\EventManager->triggerListeners('dispatch', Object(Zend\Mvc\MvcEvent), Object(Closure))
#11 /home/www/omolink_cmtien/vendor/ZF2/library/Zend/Mvc/Controller/AbstractController.php(116): Zend\EventManager\EventManager->trigger('dispatch', Object(Zend\Mvc\MvcEvent), Object(Closure))
#12 /home/www/omolink_cmtien/vendor/ZF2/library/Zend/Mvc/DispatchListener.php(113): Zend\Mvc\Controller\AbstractController->dispatch(Object(Zend\Http\PhpEnvironment\Request), Object(Zend\Http\PhpEnvironment\Response))
#13 [internal function]: Zend\Mvc\DispatchListener->onDispatch(Object(Zend\Mvc\MvcEvent))
#14 /home/www/omolink_cmtien/vendor/ZF2/library/Zend/EventManager/EventManager.php(468): call_user_func(Array, Object(Zend\Mvc\MvcEvent))
#15 /home/www/omolink_cmtien/vendor/ZF2/library/Zend/EventManager/EventManager.php(207): Zend\EventManager\EventManager->triggerListeners('dispatch', Object(Zend\Mvc\MvcEvent), Object(Closure))
#16 /home/www/omolink_cmtien/vendor/ZF2/library/Zend/Mvc/Application.php(313): Zend\EventManager\EventManager->trigger('dispatch', Object(Zend\Mvc\MvcEvent), Object(Closure))
#17 /home/www/omolink_cmtien/public/index.php(26): Zend\Mvc\Application->run()
#18 {main}
2015-09-21T15:35:03+07:00 ERR (3): Zend\Mvc\Controller\PluginManager::get was unable to fetch or create an instance for ApplicationHelper
2015-09-21T15:35:03+07:00 ERR (3): #0 /home/www/omolink_cmtien/vendor/ZF2/library/Zend/ServiceManager/AbstractPluginManager.php(103): Zend\ServiceManager\ServiceManager->get('ApplicationHelp...', true)
#1 /home/www/omolink_cmtien/vendor/ZF2/library/Zend/Mvc/Controller/PluginManager.php(82): Zend\ServiceManager\AbstractPluginManager->get('ApplicationHelp...', NULL, true)
#2 /home/www/omolink_cmtien/vendor/ZF2/library/Zend/Mvc/Controller/AbstractController.php(284): Zend\Mvc\Controller\PluginManager->get('ApplicationHelp...', NULL)
#3 /home/www/omolink_cmtien/vendor/ZF2/library/Zend/Mvc/Controller/AbstractController.php(299): Zend\Mvc\Controller\AbstractController->plugin('ApplicationHelp...')
#4 /home/www/omolink_cmtien/module/Omolink/Content/src/Omolink/Content/Controller/ContentController.php(23): Zend\Mvc\Controller\AbstractController->__call('ApplicationHelp...', Array)
#5 /home/www/omolink_cmtien/module/Omolink/Content/src/Omolink/Content/Controller/ContentController.php(23): Omolink\Content\Controller\ContentController->ApplicationHelper()
#6 /home/www/omolink_cmtien/module/Omolink/Content/src/Omolink/Content/Controller/ContentController.php(28): Omolink\Content\Controller\ContentController->getApiUrl('contents/list')
#7 /home/www/omolink_cmtien/vendor/ZF2/library/Zend/Mvc/Controller/AbstractActionController.php(83): Omolink\Content\Controller\ContentController->listviewAction()
#8 [internal function]: Zend\Mvc\Controller\AbstractActionController->onDispatch(Object(Zend\Mvc\MvcEvent))
#9 /home/www/omolink_cmtien/vendor/ZF2/library/Zend/EventManager/EventManager.php(468): call_user_func(Array, Object(Zend\Mvc\MvcEvent))
#10 /home/www/omolink_cmtien/vendor/ZF2/library/Zend/EventManager/EventManager.php(207): Zend\EventManager\EventManager->triggerListeners('dispatch', Object(Zend\Mvc\MvcEvent), Object(Closure))
#11 /home/www/omolink_cmtien/vendor/ZF2/library/Zend/Mvc/Controller/AbstractController.php(116): Zend\EventManager\EventManager->trigger('dispatch', Object(Zend\Mvc\MvcEvent), Object(Closure))
#12 /home/www/omolink_cmtien/vendor/ZF2/library/Zend/Mvc/DispatchListener.php(113): Zend\Mvc\Controller\AbstractController->dispatch(Object(Zend\Http\PhpEnvironment\Request), Object(Zend\Http\PhpEnvironment\Response))
#13 [internal function]: Zend\Mvc\DispatchListener->onDispatch(Object(Zend\Mvc\MvcEvent))
#14 /home/www/omolink_cmtien/vendor/ZF2/library/Zend/EventManager/EventManager.php(468): call_user_func(Array, Object(Zend\Mvc\MvcEvent))
#15 /home/www/omolink_cmtien/vendor/ZF2/library/Zend/EventManager/EventManager.php(207): Zend\EventManager\EventManager->triggerListeners('dispatch', Object(Zend\Mvc\MvcEvent), Object(Closure))
#16 /home/www/omolink_cmtien/vendor/ZF2/library/Zend/Mvc/Application.php(313): Zend\EventManager\EventManager->trigger('dispatch', Object(Zend\Mvc\MvcEvent), Object(Closure))
#17 /home/www/omolink_cmtien/public/index.php(26): Zend\Mvc\Application->run()
#18 {main}
2015-09-21T15:35:38+07:00 ERR (3): Zend\Mvc\Controller\PluginManager::get was unable to fetch or create an instance for ApplicationHelper
2015-09-21T15:35:38+07:00 ERR (3): #0 /home/www/omolink_cmtien/vendor/ZF2/library/Zend/ServiceManager/AbstractPluginManager.php(103): Zend\ServiceManager\ServiceManager->get('ApplicationHelp...', true)
#1 /home/www/omolink_cmtien/vendor/ZF2/library/Zend/Mvc/Controller/PluginManager.php(82): Zend\ServiceManager\AbstractPluginManager->get('ApplicationHelp...', NULL, true)
#2 /home/www/omolink_cmtien/vendor/ZF2/library/Zend/Mvc/Controller/AbstractController.php(284): Zend\Mvc\Controller\PluginManager->get('ApplicationHelp...', NULL)
#3 /home/www/omolink_cmtien/vendor/ZF2/library/Zend/Mvc/Controller/AbstractController.php(299): Zend\Mvc\Controller\AbstractController->plugin('ApplicationHelp...')
#4 /home/www/omolink_cmtien/module/Omolink/Content/src/Omolink/Content/Controller/ContentController.php(23): Zend\Mvc\Controller\AbstractController->__call('ApplicationHelp...', Array)
#5 /home/www/omolink_cmtien/module/Omolink/Content/src/Omolink/Content/Controller/ContentController.php(23): Omolink\Content\Controller\ContentController->ApplicationHelper()
#6 /home/www/omolink_cmtien/module/Omolink/Content/src/Omolink/Content/Controller/ContentController.php(28): Omolink\Content\Controller\ContentController->getApiUrl('contents/list')
#7 /home/www/omolink_cmtien/vendor/ZF2/library/Zend/Mvc/Controller/AbstractActionController.php(83): Omolink\Content\Controller\ContentController->listviewAction()
#8 [internal function]: Zend\Mvc\Controller\AbstractActionController->onDispatch(Object(Zend\Mvc\MvcEvent))
#9 /home/www/omolink_cmtien/vendor/ZF2/library/Zend/EventManager/EventManager.php(468): call_user_func(Array, Object(Zend\Mvc\MvcEvent))
#10 /home/www/omolink_cmtien/vendor/ZF2/library/Zend/EventManager/EventManager.php(207): Zend\EventManager\EventManager->triggerListeners('dispatch', Object(Zend\Mvc\MvcEvent), Object(Closure))
#11 /home/www/omolink_cmtien/vendor/ZF2/library/Zend/Mvc/Controller/AbstractController.php(116): Zend\EventManager\EventManager->trigger('dispatch', Object(Zend\Mvc\MvcEvent), Object(Closure))
#12 /home/www/omolink_cmtien/vendor/ZF2/library/Zend/Mvc/DispatchListener.php(113): Zend\Mvc\Controller\AbstractController->dispatch(Object(Zend\Http\PhpEnvironment\Request), Object(Zend\Http\PhpEnvironment\Response))
#13 [internal function]: Zend\Mvc\DispatchListener->onDispatch(Object(Zend\Mvc\MvcEvent))
#14 /home/www/omolink_cmtien/vendor/ZF2/library/Zend/EventManager/EventManager.php(468): call_user_func(Array, Object(Zend\Mvc\MvcEvent))
#15 /home/www/omolink_cmtien/vendor/ZF2/library/Zend/EventManager/EventManager.php(207): Zend\EventManager\EventManager->triggerListeners('dispatch', Object(Zend\Mvc\MvcEvent), Object(Closure))
#16 /home/www/omolink_cmtien/vendor/ZF2/library/Zend/Mvc/Application.php(313): Zend\EventManager\EventManager->trigger('dispatch', Object(Zend\Mvc\MvcEvent), Object(Closure))
#17 /home/www/omolink_cmtien/public/index.php(26): Zend\Mvc\Application->run()
#18 {main}
2015-09-21T15:35:38+07:00 ERR (3): Zend\Mvc\Controller\PluginManager::get was unable to fetch or create an instance for ApplicationHelper
2015-09-21T15:35:38+07:00 ERR (3): #0 /home/www/omolink_cmtien/vendor/ZF2/library/Zend/ServiceManager/AbstractPluginManager.php(103): Zend\ServiceManager\ServiceManager->get('ApplicationHelp...', true)
#1 /home/www/omolink_cmtien/vendor/ZF2/library/Zend/Mvc/Controller/PluginManager.php(82): Zend\ServiceManager\AbstractPluginManager->get('ApplicationHelp...', NULL, true)
#2 /home/www/omolink_cmtien/vendor/ZF2/library/Zend/Mvc/Controller/AbstractController.php(284): Zend\Mvc\Controller\PluginManager->get('ApplicationHelp...', NULL)
#3 /home/www/omolink_cmtien/vendor/ZF2/library/Zend/Mvc/Controller/AbstractController.php(299): Zend\Mvc\Controller\AbstractController->plugin('ApplicationHelp...')
#4 /home/www/omolink_cmtien/module/Omolink/Content/src/Omolink/Content/Controller/ContentController.php(23): Zend\Mvc\Controller\AbstractController->__call('ApplicationHelp...', Array)
#5 /home/www/omolink_cmtien/module/Omolink/Content/src/Omolink/Content/Controller/ContentController.php(23): Omolink\Content\Controller\ContentController->ApplicationHelper()
#6 /home/www/omolink_cmtien/module/Omolink/Content/src/Omolink/Content/Controller/ContentController.php(28): Omolink\Content\Controller\ContentController->getApiUrl('contents/list')
#7 /home/www/omolink_cmtien/vendor/ZF2/library/Zend/Mvc/Controller/AbstractActionController.php(83): Omolink\Content\Controller\ContentController->listviewAction()
#8 [internal function]: Zend\Mvc\Controller\AbstractActionController->onDispatch(Object(Zend\Mvc\MvcEvent))
#9 /home/www/omolink_cmtien/vendor/ZF2/library/Zend/EventManager/EventManager.php(468): call_user_func(Array, Object(Zend\Mvc\MvcEvent))
#10 /home/www/omolink_cmtien/vendor/ZF2/library/Zend/EventManager/EventManager.php(207): Zend\EventManager\EventManager->triggerListeners('dispatch', Object(Zend\Mvc\MvcEvent), Object(Closure))
#11 /home/www/omolink_cmtien/vendor/ZF2/library/Zend/Mvc/Controller/AbstractController.php(116): Zend\EventManager\EventManager->trigger('dispatch', Object(Zend\Mvc\MvcEvent), Object(Closure))
#12 /home/www/omolink_cmtien/vendor/ZF2/library/Zend/Mvc/DispatchListener.php(113): Zend\Mvc\Controller\AbstractController->dispatch(Object(Zend\Http\PhpEnvironment\Request), Object(Zend\Http\PhpEnvironment\Response))
#13 [internal function]: Zend\Mvc\DispatchListener->onDispatch(Object(Zend\Mvc\MvcEvent))
#14 /home/www/omolink_cmtien/vendor/ZF2/library/Zend/EventManager/EventManager.php(468): call_user_func(Array, Object(Zend\Mvc\MvcEvent))
#15 /home/www/omolink_cmtien/vendor/ZF2/library/Zend/EventManager/EventManager.php(207): Zend\EventManager\EventManager->triggerListeners('dispatch', Object(Zend\Mvc\MvcEvent), Object(Closure))
#16 /home/www/omolink_cmtien/vendor/ZF2/library/Zend/Mvc/Application.php(313): Zend\EventManager\EventManager->trigger('dispatch', Object(Zend\Mvc\MvcEvent), Object(Closure))
#17 /home/www/omolink_cmtien/public/index.php(26): Zend\Mvc\Application->run()
#18 {main}
2015-09-21T15:37:20+07:00 ERR (3): Zend\Mvc\Controller\PluginManager::get was unable to fetch or create an instance for ApplicationHelper
2015-09-21T15:37:20+07:00 ERR (3): #0 /home/www/omolink_cmtien/vendor/ZF2/library/Zend/ServiceManager/AbstractPluginManager.php(103): Zend\ServiceManager\ServiceManager->get('ApplicationHelp...', true)
#1 /home/www/omolink_cmtien/vendor/ZF2/library/Zend/Mvc/Controller/PluginManager.php(82): Zend\ServiceManager\AbstractPluginManager->get('ApplicationHelp...', NULL, true)
#2 /home/www/omolink_cmtien/vendor/ZF2/library/Zend/Mvc/Controller/AbstractController.php(284): Zend\Mvc\Controller\PluginManager->get('ApplicationHelp...', NULL)
#3 /home/www/omolink_cmtien/vendor/ZF2/library/Zend/Mvc/Controller/AbstractController.php(299): Zend\Mvc\Controller\AbstractController->plugin('ApplicationHelp...')
#4 /home/www/omolink_cmtien/module/Omolink/Content/src/Omolink/Content/Controller/ContentController.php(23): Zend\Mvc\Controller\AbstractController->__call('ApplicationHelp...', Array)
#5 /home/www/omolink_cmtien/module/Omolink/Content/src/Omolink/Content/Controller/ContentController.php(23): Omolink\Content\Controller\ContentController->ApplicationHelper()
#6 /home/www/omolink_cmtien/module/Omolink/Content/src/Omolink/Content/Controller/ContentController.php(28): Omolink\Content\Controller\ContentController->getApiUrl('contents/list')
#7 /home/www/omolink_cmtien/vendor/ZF2/library/Zend/Mvc/Controller/AbstractActionController.php(83): Omolink\Content\Controller\ContentController->listviewAction()
#8 [internal function]: Zend\Mvc\Controller\AbstractActionController->onDispatch(Object(Zend\Mvc\MvcEvent))
#9 /home/www/omolink_cmtien/vendor/ZF2/library/Zend/EventManager/EventManager.php(468): call_user_func(Array, Object(Zend\Mvc\MvcEvent))
#10 /home/www/omolink_cmtien/vendor/ZF2/library/Zend/EventManager/EventManager.php(207): Zend\EventManager\EventManager->triggerListeners('dispatch', Object(Zend\Mvc\MvcEvent), Object(Closure))
#11 /home/www/omolink_cmtien/vendor/ZF2/library/Zend/Mvc/Controller/AbstractController.php(116): Zend\EventManager\EventManager->trigger('dispatch', Object(Zend\Mvc\MvcEvent), Object(Closure))
#12 /home/www/omolink_cmtien/vendor/ZF2/library/Zend/Mvc/DispatchListener.php(113): Zend\Mvc\Controller\AbstractController->dispatch(Object(Zend\Http\PhpEnvironment\Request), Object(Zend\Http\PhpEnvironment\Response))
#13 [internal function]: Zend\Mvc\DispatchListener->onDispatch(Object(Zend\Mvc\MvcEvent))
#14 /home/www/omolink_cmtien/vendor/ZF2/library/Zend/EventManager/EventManager.php(468): call_user_func(Array, Object(Zend\Mvc\MvcEvent))
#15 /home/www/omolink_cmtien/vendor/ZF2/library/Zend/EventManager/EventManager.php(207): Zend\EventManager\EventManager->triggerListeners('dispatch', Object(Zend\Mvc\MvcEvent), Object(Closure))
#16 /home/www/omolink_cmtien/vendor/ZF2/library/Zend/Mvc/Application.php(313): Zend\EventManager\EventManager->trigger('dispatch', Object(Zend\Mvc\MvcEvent), Object(Closure))
#17 /home/www/omolink_cmtien/public/index.php(26): Zend\Mvc\Application->run()
#18 {main}
2015-09-21T15:37:20+07:00 ERR (3): Zend\Mvc\Controller\PluginManager::get was unable to fetch or create an instance for ApplicationHelper
2015-09-21T15:37:20+07:00 ERR (3): #0 /home/www/omolink_cmtien/vendor/ZF2/library/Zend/ServiceManager/AbstractPluginManager.php(103): Zend\ServiceManager\ServiceManager->get('ApplicationHelp...', true)
#1 /home/www/omolink_cmtien/vendor/ZF2/library/Zend/Mvc/Controller/PluginManager.php(82): Zend\ServiceManager\AbstractPluginManager->get('ApplicationHelp...', NULL, true)
#2 /home/www/omolink_cmtien/vendor/ZF2/library/Zend/Mvc/Controller/AbstractController.php(284): Zend\Mvc\Controller\PluginManager->get('ApplicationHelp...', NULL)
#3 /home/www/omolink_cmtien/vendor/ZF2/library/Zend/Mvc/Controller/AbstractController.php(299): Zend\Mvc\Controller\AbstractController->plugin('ApplicationHelp...')
#4 /home/www/omolink_cmtien/module/Omolink/Content/src/Omolink/Content/Controller/ContentController.php(23): Zend\Mvc\Controller\AbstractController->__call('ApplicationHelp...', Array)
#5 /home/www/omolink_cmtien/module/Omolink/Content/src/Omolink/Content/Controller/ContentController.php(23): Omolink\Content\Controller\ContentController->ApplicationHelper()
#6 /home/www/omolink_cmtien/module/Omolink/Content/src/Omolink/Content/Controller/ContentController.php(28): Omolink\Content\Controller\ContentController->getApiUrl('contents/list')
#7 /home/www/omolink_cmtien/vendor/ZF2/library/Zend/Mvc/Controller/AbstractActionController.php(83): Omolink\Content\Controller\ContentController->listviewAction()
#8 [internal function]: Zend\Mvc\Controller\AbstractActionController->onDispatch(Object(Zend\Mvc\MvcEvent))
#9 /home/www/omolink_cmtien/vendor/ZF2/library/Zend/EventManager/EventManager.php(468): call_user_func(Array, Object(Zend\Mvc\MvcEvent))
#10 /home/www/omolink_cmtien/vendor/ZF2/library/Zend/EventManager/EventManager.php(207): Zend\EventManager\EventManager->triggerListeners('dispatch', Object(Zend\Mvc\MvcEvent), Object(Closure))
#11 /home/www/omolink_cmtien/vendor/ZF2/library/Zend/Mvc/Controller/AbstractController.php(116): Zend\EventManager\EventManager->trigger('dispatch', Object(Zend\Mvc\MvcEvent), Object(Closure))
#12 /home/www/omolink_cmtien/vendor/ZF2/library/Zend/Mvc/DispatchListener.php(113): Zend\Mvc\Controller\AbstractController->dispatch(Object(Zend\Http\PhpEnvironment\Request), Object(Zend\Http\PhpEnvironment\Response))
#13 [internal function]: Zend\Mvc\DispatchListener->onDispatch(Object(Zend\Mvc\MvcEvent))
#14 /home/www/omolink_cmtien/vendor/ZF2/library/Zend/EventManager/EventManager.php(468): call_user_func(Array, Object(Zend\Mvc\MvcEvent))
#15 /home/www/omolink_cmtien/vendor/ZF2/library/Zend/EventManager/EventManager.php(207): Zend\EventManager\EventManager->triggerListeners('dispatch', Object(Zend\Mvc\MvcEvent), Object(Closure))
#16 /home/www/omolink_cmtien/vendor/ZF2/library/Zend/Mvc/Application.php(313): Zend\EventManager\EventManager->trigger('dispatch', Object(Zend\Mvc\MvcEvent), Object(Closure))
#17 /home/www/omolink_cmtien/public/index.php(26): Zend\Mvc\Application->run()
#18 {main}
2015-09-21T15:44:54+07:00 ERR (3): Zend\Mvc\Controller\PluginManager::get was unable to fetch or create an instance for ApplicationHelper
2015-09-21T15:44:54+07:00 ERR (3): #0 /home/www/omolink_cmtien/vendor/ZF2/library/Zend/ServiceManager/AbstractPluginManager.php(103): Zend\ServiceManager\ServiceManager->get('ApplicationHelp...', true)
#1 /home/www/omolink_cmtien/vendor/ZF2/library/Zend/Mvc/Controller/PluginManager.php(82): Zend\ServiceManager\AbstractPluginManager->get('ApplicationHelp...', NULL, true)
#2 /home/www/omolink_cmtien/vendor/ZF2/library/Zend/Mvc/Controller/AbstractController.php(284): Zend\Mvc\Controller\PluginManager->get('ApplicationHelp...', NULL)
#3 /home/www/omolink_cmtien/vendor/ZF2/library/Zend/Mvc/Controller/AbstractController.php(299): Zend\Mvc\Controller\AbstractController->plugin('ApplicationHelp...')
#4 /home/www/omolink_cmtien/module/Omolink/Content/src/Omolink/Content/Controller/ContentController.php(23): Zend\Mvc\Controller\AbstractController->__call('ApplicationHelp...', Array)
#5 /home/www/omolink_cmtien/module/Omolink/Content/src/Omolink/Content/Controller/ContentController.php(23): Omolink\Content\Controller\ContentController->ApplicationHelper()
#6 /home/www/omolink_cmtien/module/Omolink/Content/src/Omolink/Content/Controller/ContentController.php(28): Omolink\Content\Controller\ContentController->getApiUrl('contents/list')
#7 /home/www/omolink_cmtien/vendor/ZF2/library/Zend/Mvc/Controller/AbstractActionController.php(83): Omolink\Content\Controller\ContentController->listviewAction()
#8 [internal function]: Zend\Mvc\Controller\AbstractActionController->onDispatch(Object(Zend\Mvc\MvcEvent))
#9 /home/www/omolink_cmtien/vendor/ZF2/library/Zend/EventManager/EventManager.php(468): call_user_func(Array, Object(Zend\Mvc\MvcEvent))
#10 /home/www/omolink_cmtien/vendor/ZF2/library/Zend/EventManager/EventManager.php(207): Zend\EventManager\EventManager->triggerListeners('dispatch', Object(Zend\Mvc\MvcEvent), Object(Closure))
#11 /home/www/omolink_cmtien/vendor/ZF2/library/Zend/Mvc/Controller/AbstractController.php(116): Zend\EventManager\EventManager->trigger('dispatch', Object(Zend\Mvc\MvcEvent), Object(Closure))
#12 /home/www/omolink_cmtien/vendor/ZF2/library/Zend/Mvc/DispatchListener.php(113): Zend\Mvc\Controller\AbstractController->dispatch(Object(Zend\Http\PhpEnvironment\Request), Object(Zend\Http\PhpEnvironment\Response))
#13 [internal function]: Zend\Mvc\DispatchListener->onDispatch(Object(Zend\Mvc\MvcEvent))
#14 /home/www/omolink_cmtien/vendor/ZF2/library/Zend/EventManager/EventManager.php(468): call_user_func(Array, Object(Zend\Mvc\MvcEvent))
#15 /home/www/omolink_cmtien/vendor/ZF2/library/Zend/EventManager/EventManager.php(207): Zend\EventManager\EventManager->triggerListeners('dispatch', Object(Zend\Mvc\MvcEvent), Object(Closure))
#16 /home/www/omolink_cmtien/vendor/ZF2/library/Zend/Mvc/Application.php(313): Zend\EventManager\EventManager->trigger('dispatch', Object(Zend\Mvc\MvcEvent), Object(Closure))
#17 /home/www/omolink_cmtien/public/index.php(26): Zend\Mvc\Application->run()
#18 {main}
2015-09-21T15:44:54+07:00 ERR (3): Zend\Mvc\Controller\PluginManager::get was unable to fetch or create an instance for ApplicationHelper
2015-09-21T15:44:54+07:00 ERR (3): #0 /home/www/omolink_cmtien/vendor/ZF2/library/Zend/ServiceManager/AbstractPluginManager.php(103): Zend\ServiceManager\ServiceManager->get('ApplicationHelp...', true)
#1 /home/www/omolink_cmtien/vendor/ZF2/library/Zend/Mvc/Controller/PluginManager.php(82): Zend\ServiceManager\AbstractPluginManager->get('ApplicationHelp...', NULL, true)
#2 /home/www/omolink_cmtien/vendor/ZF2/library/Zend/Mvc/Controller/AbstractController.php(284): Zend\Mvc\Controller\PluginManager->get('ApplicationHelp...', NULL)
#3 /home/www/omolink_cmtien/vendor/ZF2/library/Zend/Mvc/Controller/AbstractController.php(299): Zend\Mvc\Controller\AbstractController->plugin('ApplicationHelp...')
#4 /home/www/omolink_cmtien/module/Omolink/Content/src/Omolink/Content/Controller/ContentController.php(23): Zend\Mvc\Controller\AbstractController->__call('ApplicationHelp...', Array)
#5 /home/www/omolink_cmtien/module/Omolink/Content/src/Omolink/Content/Controller/ContentController.php(23): Omolink\Content\Controller\ContentController->ApplicationHelper()
#6 /home/www/omolink_cmtien/module/Omolink/Content/src/Omolink/Content/Controller/ContentController.php(28): Omolink\Content\Controller\ContentController->getApiUrl('contents/list')
#7 /home/www/omolink_cmtien/vendor/ZF2/library/Zend/Mvc/Controller/AbstractActionController.php(83): Omolink\Content\Controller\ContentController->listviewAction()
#8 [internal function]: Zend\Mvc\Controller\AbstractActionController->onDispatch(Object(Zend\Mvc\MvcEvent))
#9 /home/www/omolink_cmtien/vendor/ZF2/library/Zend/EventManager/EventManager.php(468): call_user_func(Array, Object(Zend\Mvc\MvcEvent))
#10 /home/www/omolink_cmtien/vendor/ZF2/library/Zend/EventManager/EventManager.php(207): Zend\EventManager\EventManager->triggerListeners('dispatch', Object(Zend\Mvc\MvcEvent), Object(Closure))
#11 /home/www/omolink_cmtien/vendor/ZF2/library/Zend/Mvc/Controller/AbstractController.php(116): Zend\EventManager\EventManager->trigger('dispatch', Object(Zend\Mvc\MvcEvent), Object(Closure))
#12 /home/www/omolink_cmtien/vendor/ZF2/library/Zend/Mvc/DispatchListener.php(113): Zend\Mvc\Controller\AbstractController->dispatch(Object(Zend\Http\PhpEnvironment\Request), Object(Zend\Http\PhpEnvironment\Response))
#13 [internal function]: Zend\Mvc\DispatchListener->onDispatch(Object(Zend\Mvc\MvcEvent))
#14 /home/www/omolink_cmtien/vendor/ZF2/library/Zend/EventManager/EventManager.php(468): call_user_func(Array, Object(Zend\Mvc\MvcEvent))
#15 /home/www/omolink_cmtien/vendor/ZF2/library/Zend/EventManager/EventManager.php(207): Zend\EventManager\EventManager->triggerListeners('dispatch', Object(Zend\Mvc\MvcEvent), Object(Closure))
#16 /home/www/omolink_cmtien/vendor/ZF2/library/Zend/Mvc/Application.php(313): Zend\EventManager\EventManager->trigger('dispatch', Object(Zend\Mvc\MvcEvent), Object(Closure))
#17 /home/www/omolink_cmtien/public/index.php(26): Zend\Mvc\Application->run()
#18 {main}
2015-09-21T15:50:25+07:00 ERR (3): No paginator instance provided or incorrect type
2015-09-21T15:50:25+07:00 ERR (3): #0 [internal function]: Zend\View\Helper\PaginationControl->__invoke(NULL, 'Sliding', 'paginator-slide', Array)
#1 /home/www/omolink_cmtien/vendor/ZF2/library/Zend/View/Renderer/PhpRenderer.php(399): call_user_func_array(Object(Zend\View\Helper\PaginationControl), Array)
#2 /home/www/omolink_cmtien/module/Omolink/Content/view/omolink/content/listview.phtml(80): Zend\View\Renderer\PhpRenderer->__call('paginationContr...', Array)
#3 /home/www/omolink_cmtien/module/Omolink/Content/view/omolink/content/listview.phtml(80): Zend\View\Renderer\PhpRenderer->paginationControl(NULL, 'Sliding', 'paginator-slide', Array)
#4 /home/www/omolink_cmtien/vendor/ZF2/library/Zend/View/Renderer/PhpRenderer.php(506): include('/home/www/omoli...')
#5 /home/www/omolink_cmtien/vendor/ZF2/library/Zend/View/View.php(205): Zend\View\Renderer\PhpRenderer->render(Object(Zend\View\Model\ViewModel))
#6 /home/www/omolink_cmtien/vendor/ZF2/library/Zend/View/View.php(233): Zend\View\View->render(Object(Zend\View\Model\ViewModel))
#7 /home/www/omolink_cmtien/vendor/ZF2/library/Zend/View/View.php(198): Zend\View\View->renderChildren(Object(Zend\View\Model\ViewModel))
#8 /home/www/omolink_cmtien/vendor/ZF2/library/Zend/Mvc/View/Http/DefaultRenderingStrategy.php(103): Zend\View\View->render(Object(Zend\View\Model\ViewModel))
#9 [internal function]: Zend\Mvc\View\Http\DefaultRenderingStrategy->render(Object(Zend\Mvc\MvcEvent))
#10 /home/www/omolink_cmtien/vendor/ZF2/library/Zend/EventManager/EventManager.php(468): call_user_func(Array, Object(Zend\Mvc\MvcEvent))
#11 /home/www/omolink_cmtien/vendor/ZF2/library/Zend/EventManager/EventManager.php(207): Zend\EventManager\EventManager->triggerListeners('render', Object(Zend\Mvc\MvcEvent), Array)
#12 /home/www/omolink_cmtien/vendor/ZF2/library/Zend/Mvc/Application.php(352): Zend\EventManager\EventManager->trigger('render', Object(Zend\Mvc\MvcEvent))
#13 /home/www/omolink_cmtien/vendor/ZF2/library/Zend/Mvc/Application.php(327): Zend\Mvc\Application->completeRequest(Object(Zend\Mvc\MvcEvent))
#14 /home/www/omolink_cmtien/public/index.php(26): Zend\Mvc\Application->run()
#15 {main}
2015-10-08T13:29:58+09:00 ERR (3): Function not found: imagecreatetruecolor
2015-10-08T13:29:58+09:00 ERR (3): #0 /var/www/omolink/module/Omolink/Content/src/Omolink/Content/Controller/ContentController.php(472): Kdl\Image\Converter::createScaledImage('/var/www/omolin...', '/var/www/omolin...', 100)
#1 /var/www/omolink/vendor/ZF2/library/Zend/Mvc/Controller/AbstractActionController.php(83): Omolink\Content\Controller\ContentController->insertAction()
#2 [internal function]: Zend\Mvc\Controller\AbstractActionController->onDispatch(Object(Zend\Mvc\MvcEvent))
#3 /var/www/omolink/vendor/ZF2/library/Zend/EventManager/EventManager.php(468): call_user_func(Array, Object(Zend\Mvc\MvcEvent))
#4 /var/www/omolink/vendor/ZF2/library/Zend/EventManager/EventManager.php(207): Zend\EventManager\EventManager->triggerListeners('dispatch', Object(Zend\Mvc\MvcEvent), Object(Closure))
#5 /var/www/omolink/vendor/ZF2/library/Zend/Mvc/Controller/AbstractController.php(116): Zend\EventManager\EventManager->trigger('dispatch', Object(Zend\Mvc\MvcEvent), Object(Closure))
#6 /var/www/omolink/vendor/ZF2/library/Zend/Mvc/DispatchListener.php(113): Zend\Mvc\Controller\AbstractController->dispatch(Object(Zend\Http\PhpEnvironment\Request), Object(Zend\Http\PhpEnvironment\Response))
#7 [internal function]: Zend\Mvc\DispatchListener->onDispatch(Object(Zend\Mvc\MvcEvent))
#8 /var/www/omolink/vendor/ZF2/library/Zend/EventManager/EventManager.php(468): call_user_func(Array, Object(Zend\Mvc\MvcEvent))
#9 /var/www/omolink/vendor/ZF2/library/Zend/EventManager/EventManager.php(207): Zend\EventManager\EventManager->triggerListeners('dispatch', Object(Zend\Mvc\MvcEvent), Object(Closure))
#10 /var/www/omolink/vendor/ZF2/library/Zend/Mvc/Application.php(313): Zend\EventManager\EventManager->trigger('dispatch', Object(Zend\Mvc\MvcEvent), Object(Closure))
#11 /var/www/omolink/public/index.php(26): Zend\Mvc\Application->run()
#12 {main}
2015-10-08T13:29:58+09:00 ERR (3): Function not found: imagecreatetruecolor
2015-10-08T13:29:58+09:00 ERR (3): #0 /var/www/omolink/module/Omolink/Content/src/Omolink/Content/Controller/ContentController.php(472): Kdl\Image\Converter::createScaledImage('/var/www/omolin...', '/var/www/omolin...', 100)
#1 /var/www/omolink/vendor/ZF2/library/Zend/Mvc/Controller/AbstractActionController.php(83): Omolink\Content\Controller\ContentController->insertAction()
#2 [internal function]: Zend\Mvc\Controller\AbstractActionController->onDispatch(Object(Zend\Mvc\MvcEvent))
#3 /var/www/omolink/vendor/ZF2/library/Zend/EventManager/EventManager.php(468): call_user_func(Array, Object(Zend\Mvc\MvcEvent))
#4 /var/www/omolink/vendor/ZF2/library/Zend/EventManager/EventManager.php(207): Zend\EventManager\EventManager->triggerListeners('dispatch', Object(Zend\Mvc\MvcEvent), Object(Closure))
#5 /var/www/omolink/vendor/ZF2/library/Zend/Mvc/Controller/AbstractController.php(116): Zend\EventManager\EventManager->trigger('dispatch', Object(Zend\Mvc\MvcEvent), Object(Closure))
#6 /var/www/omolink/vendor/ZF2/library/Zend/Mvc/DispatchListener.php(113): Zend\Mvc\Controller\AbstractController->dispatch(Object(Zend\Http\PhpEnvironment\Request), Object(Zend\Http\PhpEnvironment\Response))
#7 [internal function]: Zend\Mvc\DispatchListener->onDispatch(Object(Zend\Mvc\MvcEvent))
#8 /var/www/omolink/vendor/ZF2/library/Zend/EventManager/EventManager.php(468): call_user_func(Array, Object(Zend\Mvc\MvcEvent))
#9 /var/www/omolink/vendor/ZF2/library/Zend/EventManager/EventManager.php(207): Zend\EventManager\EventManager->triggerListeners('dispatch', Object(Zend\Mvc\MvcEvent), Object(Closure))
#10 /var/www/omolink/vendor/ZF2/library/Zend/Mvc/Application.php(313): Zend\EventManager\EventManager->trigger('dispatch', Object(Zend\Mvc\MvcEvent), Object(Closure))
#11 /var/www/omolink/public/index.php(26): Zend\Mvc\Application->run()
#12 {main}
